<?xml version="1.0" encoding="UTF-8"?>
<!-- Generated by org.testng.reporters.JUnitReportReporter -->
<testsuite hostname="LGVN-DEV-001" failures="0" tests="3" name="TestAuto.OpenWebsite2" time="36.046" errors="0" timestamp="2022-10-10T16:03:25 ICT" skipped="0">
  <testcase classname="TestAuto.OpenWebsite2" name="Login" time="7.199"/>
  <system-out/>
  <testcase classname="TestAuto.OpenWebsite2" name="TransferFund" time="23.796"/>
  <system-out/>
  <testcase classname="TestAuto.OpenWebsite2" name="TransferResult" time="5.051"/>
  <system-out/>
</testsuite> <!-- TestAuto.OpenWebsite2 -->
